<?xml version="1.0" encoding="UTF-8"?>
<!-- Generated by org.testng.reporters.JUnitXMLReporter -->
<testsuite ignored="0" hostname="DESKTOP-55K9IPC" failures="0" tests="6" name="Default test" time="17.667" errors="0" timestamp="2024-12-16T15:12:30 IST">
  <testcase classname="api.test.DDTests" name="testPostUSer" time="6.225"/>
  <testcase classname="api.test.DDTests" name="testPostUSer" time="1.47"/>
  <testcase classname="api.test.DDTests" name="testPostUSer" time="1.913"/>
  <testcase classname="api.test.DDTests" name="testDeleteUSerByName" time="1.812"/>
  <testcase classname="api.test.DDTests" name="testDeleteUSerByName" time="1.596"/>
  <testcase classname="api.test.DDTests" name="testDeleteUSerByName" time="1.442"/>
</testsuite> <!-- Default test -->
