<?xml version="1.0" encoding="UTF-8"?>
<testng-results ignored="0" total="4" passed="4" failed="0" skipped="0">
  <reporter-output>
  </reporter-output>
  <suite started-at="2024-12-16T21:44:55 IST" name="PetSuite" finished-at="2024-12-16T21:45:50 IST" duration-ms="55525">
    <groups>
    </groups>
    <test started-at="2024-12-16T21:44:55 IST" name="PetTests" finished-at="2024-12-16T21:45:50 IST" duration-ms="55525">
      <class name="api.test.UserTestsByPropertiesFile">
        <test-method is-config="true" signature="setup()[pri:0, instance:api.test.UserTestsByPropertiesFile@2e005c4b]" started-at="2024-12-16T21:44:55 IST" name="setup" finished-at="2024-12-16T21:44:56 IST" duration-ms="1230" status="PASS">
          <reporter-output>
          </reporter-output>
        </test-method> <!-- setup -->
        <test-method signature="testPostUser()[pri:1, instance:api.test.UserTestsByPropertiesFile@2e005c4b]" started-at="2024-12-16T21:44:56 IST" name="testPostUser" finished-at="2024-12-16T21:45:23 IST" duration-ms="26315" status="PASS">
          <reporter-output>
          </reporter-output>
        </test-method> <!-- testPostUser -->
        <test-method signature="testGetUserByName()[pri:2, instance:api.test.UserTestsByPropertiesFile@2e005c4b]" started-at="2024-12-16T21:45:23 IST" name="testGetUserByName" finished-at="2024-12-16T21:45:46 IST" duration-ms="23044" status="PASS">
          <reporter-output>
          </reporter-output>
        </test-method> <!-- testGetUserByName -->
        <test-method signature="testUpdateUserByName()[pri:3, instance:api.test.UserTestsByPropertiesFile@2e005c4b]" started-at="2024-12-16T21:45:46 IST" name="testUpdateUserByName" finished-at="2024-12-16T21:45:48 IST" duration-ms="2817" status="PASS">
          <reporter-output>
          </reporter-output>
        </test-method> <!-- testUpdateUserByName -->
        <test-method signature="testDeleteUSerByName()[pri:4, instance:api.test.UserTestsByPropertiesFile@2e005c4b]" started-at="2024-12-16T21:45:48 IST" name="testDeleteUSerByName" finished-at="2024-12-16T21:45:50 IST" duration-ms="1571" status="PASS">
          <reporter-output>
          </reporter-output>
        </test-method> <!-- testDeleteUSerByName -->
      </class> <!-- api.test.UserTestsByPropertiesFile -->
    </test> <!-- PetTests -->
  </suite> <!-- PetSuite -->
</testng-results>
