<?xml version="1.0" encoding="UTF-8"?>
<testng-results ignored="0" total="4" passed="4" failed="0" skipped="0">
  <reporter-output>
  </reporter-output>
  <suite started-at="2024-12-16T21:01:38 IST" name="PetSuite" finished-at="2024-12-16T21:01:54 IST" duration-ms="15455">
    <groups>
    </groups>
    <test started-at="2024-12-16T21:01:38 IST" name="PetTests" finished-at="2024-12-16T21:01:54 IST" duration-ms="15455">
      <class name="api.test.UserTestsByPropertiesFile">
        <test-method is-config="true" signature="setup()[pri:0, instance:api.test.UserTestsByPropertiesFile@27406a17]" started-at="2024-12-16T21:01:39 IST" name="setup" finished-at="2024-12-16T21:01:40 IST" duration-ms="1253" status="PASS">
          <reporter-output>
          </reporter-output>
        </test-method> <!-- setup -->
        <test-method signature="testPostUser()[pri:1, instance:api.test.UserTestsByPropertiesFile@27406a17]" started-at="2024-12-16T21:01:40 IST" name="testPostUser" finished-at="2024-12-16T21:01:46 IST" duration-ms="6238" status="PASS">
          <reporter-output>
          </reporter-output>
        </test-method> <!-- testPostUser -->
        <test-method signature="testGetUserByName()[pri:2, instance:api.test.UserTestsByPropertiesFile@27406a17]" started-at="2024-12-16T21:01:47 IST" name="testGetUserByName" finished-at="2024-12-16T21:01:48 IST" duration-ms="1789" status="PASS">
          <reporter-output>
          </reporter-output>
        </test-method> <!-- testGetUserByName -->
        <test-method signature="testUpdateUserByName()[pri:3, instance:api.test.UserTestsByPropertiesFile@27406a17]" started-at="2024-12-16T21:01:48 IST" name="testUpdateUserByName" finished-at="2024-12-16T21:01:51 IST" duration-ms="2985" status="PASS">
          <reporter-output>
          </reporter-output>
        </test-method> <!-- testUpdateUserByName -->
        <test-method signature="testDeleteUSerByName()[pri:4, instance:api.test.UserTestsByPropertiesFile@27406a17]" started-at="2024-12-16T21:01:51 IST" name="testDeleteUSerByName" finished-at="2024-12-16T21:01:54 IST" duration-ms="2392" status="PASS">
          <reporter-output>
          </reporter-output>
        </test-method> <!-- testDeleteUSerByName -->
      </class> <!-- api.test.UserTestsByPropertiesFile -->
    </test> <!-- PetTests -->
  </suite> <!-- PetSuite -->
</testng-results>
