<?xml version="1.0" encoding="UTF-8"?>
<!-- Generated by org.testng.reporters.JUnitXMLReporter -->
<testsuite ignored="0" hostname="DESKTOP-55K9IPC" failures="0" tests="4" name="PetTests" time="55.525" errors="0" timestamp="2024-12-16T21:45:51 IST">
  <testcase classname="api.test.UserTestsByPropertiesFile" name="testPostUser" time="26.315"/>
  <testcase classname="api.test.UserTestsByPropertiesFile" name="testGetUserByName" time="23.044"/>
  <testcase classname="api.test.UserTestsByPropertiesFile" name="testUpdateUserByName" time="2.817"/>
  <testcase classname="api.test.UserTestsByPropertiesFile" name="testDeleteUSerByName" time="1.571"/>
</testsuite> <!-- PetTests -->
