<?xml version="1.0" encoding="UTF-8"?>
<!-- Generated by org.testng.reporters.JUnitXMLReporter -->
<testsuite ignored="0" hostname="DESKTOP-55K9IPC" failures="0" tests="4" name="PetTests" time="15.455" errors="0" timestamp="2024-12-16T21:01:54 IST">
  <testcase classname="api.test.UserTestsByPropertiesFile" name="testPostUser" time="6.238"/>
  <testcase classname="api.test.UserTestsByPropertiesFile" name="testGetUserByName" time="1.789"/>
  <testcase classname="api.test.UserTestsByPropertiesFile" name="testUpdateUserByName" time="2.985"/>
  <testcase classname="api.test.UserTestsByPropertiesFile" name="testDeleteUSerByName" time="2.392"/>
</testsuite> <!-- PetTests -->
